<?xml version="1.0" encoding="UTF-8"?>
<testsuite name="TestPrime" tests="2" skipped="0" failures="0" errors="0" timestamp="2024-02-13T12:39:10" hostname="DESKTOP-1868E48" time="0.017">
  <properties/>
  <testcase name="testNotPrime()" classname="TestPrime" time="0.015"/>
  <testcase name="testPrime()" classname="TestPrime" time="0.001"/>
  <system-out><![CDATA[]]></system-out>
  <system-err><![CDATA[]]></system-err>
</testsuite>
